<?xml version="1.0" encoding="UTF-8"?>
<!-- Generated by org.testng.reporters.JUnitReportReporter -->
<testsuite skipped="0" hostname="DESKTOP-5GU4J3U" name="TestPackage.LoginTest" tests="1" failures="0" timestamp="28 Nov 2018 18:46:13 GMT" time="2.787" errors="0">
  <testcase name="verifyValidLogin" time="2.787" classname="TestPackage.LoginTest"/>
</testsuite> <!-- TestPackage.LoginTest -->
