<?xml version="1.0" encoding="UTF-8"?>
<!-- Generated by org.testng.reporters.JUnitReportReporter -->
<testsuite skipped="0" hostname="DESKTOP-5GU4J3U" name="TestPackage.SelectProjectPage" tests="2" failures="0" timestamp="08 Feb 2019 16:15:48 GMT" time="66.267" errors="0">
  <testcase name="verifyValidLogin" time="6.826" classname="TestPackage.SelectProjectPage"/>
  <testcase name="createProject" time="59.441" classname="TestPackage.SelectProjectPage"/>
</testsuite> <!-- TestPackage.SelectProjectPage -->
