<?xml version="1.0" encoding="UTF-8"?>
<!-- Generated by org.testng.reporters.JUnitReportReporter -->
<testsuite skipped="0" hostname="DESKTOP-5GU4J3U" name="TestPackage.Create2DSpec" tests="3" failures="0" timestamp="08 Feb 2019 16:24:45 GMT" time="110.722" errors="0">
  <testcase name="verifyValidLogin" time="8.918" classname="TestPackage.Create2DSpec"/>
  <testcase name="createProject" time="67.743" classname="TestPackage.Create2DSpec"/>
  <testcase name="createSpec2D" time="34.061" classname="TestPackage.Create2DSpec"/>
</testsuite> <!-- TestPackage.Create2DSpec -->
