<?xml version="1.0" encoding="UTF-8"?>
<!-- Generated by org.testng.reporters.JUnitReportReporter -->
<testsuite skipped="0" hostname="DESKTOP-5GU4J3U" name="TestPackage.selectRFEPage" tests="2" failures="0" timestamp="08 Feb 2019 18:38:25 GMT" time="67.175" errors="0">
  <testcase name="verifyValidLogin" time="6.632" classname="TestPackage.selectRFEPage"/>
  <testcase name="createRFE" time="60.543" classname="TestPackage.selectRFEPage"/>
</testsuite> <!-- TestPackage.selectRFEPage -->
