<?xml version="1.0" encoding="UTF-8"?>
<!-- Generated by org.testng.reporters.JUnitReportReporter -->
<testsuite skipped="0" hostname="DESKTOP-5GU4J3U" name="TestPackage.LoginTest" tests="1" failures="0" timestamp="08 Feb 2019 16:08:31 GMT" time="7.996" errors="0">
  <testcase name="verifyValidLogin" time="7.996" classname="TestPackage.LoginTest"/>
</testsuite> <!-- TestPackage.LoginTest -->
